<?xml version="1.0" encoding="UTF-8"?>
<!-- Generated by org.testng.reporters.JUnitReportReporter -->
<testsuite hostname="Reddy" failures="0" tests="1" name="testCases.TC003_LoginDataDrivenTesting" time="12.350" errors="0" timestamp="2025-05-10T14:48:20 IST" skipped="0">
  <testcase classname="testCases.TC003_LoginDataDrivenTesting" name="Verify_loginDDT" time="12.350"/>
</testsuite> <!-- testCases.TC003_LoginDataDrivenTesting -->
