<?xml version="1.0" encoding="UTF-8"?>
<!-- Generated by org.testng.reporters.JUnitReportReporter -->
<testsuite hostname="Reddy" failures="0" tests="7" name="testCases.TC003_LoginDataDrivenTesting" time="77.262" errors="0" timestamp="2025-05-18T11:22:17 IST" skipped="0">
  <testcase classname="testCases.TC003_LoginDataDrivenTesting" name="Verify_loginDDT" time="13.659"/>
  <testcase classname="testCases.TC003_LoginDataDrivenTesting" name="Verify_loginDDT" time="12.545"/>
  <testcase classname="testCases.TC003_LoginDataDrivenTesting" name="Verify_loginDDT" time="7.068"/>
  <testcase classname="testCases.TC003_LoginDataDrivenTesting" name="Verify_loginDDT" time="13.181"/>
  <testcase classname="testCases.TC003_LoginDataDrivenTesting" name="Verify_loginDDT" time="13.160"/>
  <testcase classname="testCases.TC003_LoginDataDrivenTesting" name="Verify_loginDDT" time="12.052"/>
  <testcase classname="testCases.TC003_LoginDataDrivenTesting" name="Verify_loginDDT" time="5.597"/>
</testsuite> <!-- testCases.TC003_LoginDataDrivenTesting -->
