<?xml version="1.0" encoding="UTF-8"?>
<!-- Generated by org.testng.reporters.JUnitReportReporter -->
<testsuite hostname="Reddy" failures="0" tests="1" name="testCases.TC002_LoginTest" time="2.604" errors="0" timestamp="2025-05-18T11:22:17 IST" skipped="0">
  <testcase classname="testCases.TC002_LoginTest" name="LogTest_Validation" time="2.604"/>
</testsuite> <!-- testCases.TC002_LoginTest -->
