<?xml version="1.0" encoding="UTF-8"?>
<!-- Generated by org.testng.reporters.JUnitReportReporter -->
<testsuite hostname="Reddy" failures="0" tests="1" name="testCases.TC002_LoginTest" time="1.517" errors="0" timestamp="2025-05-17T09:41:11 IST" skipped="0">
  <testcase classname="testCases.TC002_LoginTest" name="LogTest_Validation" time="1.517"/>
</testsuite> <!-- testCases.TC002_LoginTest -->
