<?xml version="1.0" encoding="UTF-8"?>
<!-- Generated by org.testng.reporters.JUnitReportReporter -->
<testsuite hostname="Reddy" failures="0" tests="1" name="testCases.TC001_AccountRegistrationTest" time="2.726" errors="0" timestamp="2025-05-17T09:41:11 IST" skipped="0">
  <testcase classname="testCases.TC001_AccountRegistrationTest" name="verify_Account_Registration" time="2.726"/>
</testsuite> <!-- testCases.TC001_AccountRegistrationTest -->
