<?xml version="1.0" encoding="UTF-8"?>
<!-- Generated by org.testng.reporters.JUnitReportReporter -->
<testsuite hostname="Reddy" failures="0" tests="7" name="testCases.TC003_LoginDataDrivenTesting" time="67.540" errors="0" timestamp="2025-05-17T09:41:11 IST" skipped="0">
  <testcase classname="testCases.TC003_LoginDataDrivenTesting" name="Verify_loginDDT" time="4.649"/>
  <testcase classname="testCases.TC003_LoginDataDrivenTesting" name="Verify_loginDDT" time="11.848"/>
  <testcase classname="testCases.TC003_LoginDataDrivenTesting" name="Verify_loginDDT" time="4.190"/>
  <testcase classname="testCases.TC003_LoginDataDrivenTesting" name="Verify_loginDDT" time="11.891"/>
  <testcase classname="testCases.TC003_LoginDataDrivenTesting" name="Verify_loginDDT" time="11.611"/>
  <testcase classname="testCases.TC003_LoginDataDrivenTesting" name="Verify_loginDDT" time="11.727"/>
  <testcase classname="testCases.TC003_LoginDataDrivenTesting" name="Verify_loginDDT" time="11.624"/>
</testsuite> <!-- testCases.TC003_LoginDataDrivenTesting -->
